#
# There is insufficient memory for the Java Runtime Environment to continue.
# Native memory allocation (malloc) failed to allocate 1686288 bytes for Chunk::new
# Possible reasons:
#   The system is out of physical RAM or swap space
#   In 32 bit mode, the process size limit was hit
# Possible solutions:
#   Reduce memory load on the system
#   Increase physical memory or swap space
#   Check if swap backing store is full
#   Use 64 bit Java on a 64 bit OS
#   Decrease Java heap size (-Xmx/-Xms)
#   Decrease number of Java threads
#   Decrease Java thread stack sizes (-Xss)
#   Set larger code cache with -XX:ReservedCodeCacheSize=
# This output file may be truncated or incomplete.
#
#  Out of Memory Error (allocation.cpp:390), pid=26044, tid=0x0000000000005284
#
# JRE version: OpenJDK Runtime Environment (8.0_152-b01) (build 1.8.0_152-release-915-b01)
# Java VM: OpenJDK 64-Bit Server VM (25.152-b01 mixed mode windows-amd64 compressed oops)
# Failed to write core dump. Minidumps are not enabled by default on client versions of Windows
#

---------------  T H R E A D  ---------------

Current thread (0x0000000006c65800):  JavaThread "C2 CompilerThread0" daemon [_thread_in_native, id=21124, stack(0x0000000018780000,0x0000000018880000)]

Stack: [0x0000000018780000,0x0000000018880000]
[error occurred during error reporting (printing stack bounds), id 0xc0000005]

Native frames: (J=compiled Java code, j=interpreted, Vv=VM code, C=native code)


Current CompileTask:
C2:  13033 1608   !   4       java.net.URLClassLoader$1::run (63 bytes)


---------------  P R O C E S S  ---------------

Java Threads: ( => current thread )
  0x000000001a2c2000 JavaThread "Cache worker for file hash cache (C:\Project\Helloheart\.gradle\4.1\fileHashes)" [_thread_blocked, id=24028, stack(0x000000001cb60000,0x000000001cc60000)]
  0x0000000019fc7800 JavaThread "File lock request listener" [_thread_in_native, id=12224, stack(0x000000001b7a0000,0x000000001b8a0000)]
  0x000000001a10b000 JavaThread "Cache worker for file hash cache (C:\Users\AmirG\.gradle\caches\4.1\fileHashes)" [_thread_blocked, id=18792, stack(0x000000001b5a0000,0x000000001b6a0000)]
  0x00000000180a4800 JavaThread "Stdin handler" [_thread_blocked, id=26564, stack(0x000000001b2e0000,0x000000001b3e0000)]
  0x00000000180a3800 JavaThread "Asynchronous log dispatcher for DefaultDaemonConnection: socket connection from /127.0.0.1:57308 to /127.0.0.1:57309" [_thread_blocked, id=8004, stack(0x000000001ad60000,0x000000001ae60000)]
  0x0000000018f08800 JavaThread "Daemon worker" [_thread_in_native, id=18740, stack(0x000000001b450000,0x000000001b550000)]
  0x0000000018f03000 JavaThread "Cancel handler" [_thread_blocked, id=5480, stack(0x000000001b190000,0x000000001b290000)]
  0x0000000018fd7800 JavaThread "Handler for socket connection from /127.0.0.1:57308 to /127.0.0.1:57309" [_thread_in_native, id=18140, stack(0x000000001ae60000,0x000000001af60000)]
  0x0000000019e59000 JavaThread "Daemon" [_thread_blocked, id=2312, stack(0x000000001ac50000,0x000000001ad50000)]
  0x0000000019e4b800 JavaThread "Daemon periodic checks" [_thread_blocked, id=3196, stack(0x000000001ab20000,0x000000001ac20000)]
  0x0000000019965000 JavaThread "Incoming local TCP Connector on port 57308" [_thread_in_native, id=11612, stack(0x000000001a940000,0x000000001aa40000)]
  0x0000000006c6e800 JavaThread "Service Thread" daemon [_thread_blocked, id=24684, stack(0x0000000018480000,0x0000000018580000)]
  0x0000000017eda800 JavaThread "C1 CompilerThread2" daemon [_thread_blocked, id=19636, stack(0x0000000018a40000,0x0000000018b40000)]
  0x0000000017ed9000 JavaThread "C2 CompilerThread1" daemon [_thread_blocked, id=25588, stack(0x00000000188e0000,0x00000000189e0000)]
=>0x0000000006c65800 JavaThread "C2 CompilerThread0" daemon [_thread_in_native, id=21124, stack(0x0000000018780000,0x0000000018880000)]
  0x0000000006c64000 JavaThread "Attach Listener" daemon [_thread_blocked, id=17020, stack(0x00000000185a0000,0x00000000186a0000)]
  0x0000000006c62800 JavaThread "Signal Dispatcher" daemon [_thread_blocked, id=21384, stack(0x0000000018350000,0x0000000018450000)]
  0x0000000006c49000 JavaThread "Finalizer" daemon [_thread_blocked, id=20008, stack(0x0000000017c90000,0x0000000017d90000)]
  0x0000000006c02000 JavaThread "Reference Handler" daemon [_thread_blocked, id=26468, stack(0x0000000017dd0000,0x0000000017ed0000)]
  0x00000000021e8000 JavaThread "main" [_thread_blocked, id=25876, stack(0x00000000022f0000,0x00000000023f0000)]

Other Threads:
  0x0000000006bfa800 VMThread [stack: 0x0000000017b10000,0x0000000017c10000] [id=26396]
  0x0000000017f0d000 WatcherThread [stack: 0x0000000018b80000,0x0000000018c80000] [id=13196]

VM state:not at safepoint (normal execution)

VM Mutex/Monitor currently owned by a thread: None

Heap:
 PSYoungGen      total 36864K, used 34333K [0x00000000e0000000, 0x00000000e4800000, 0x0000000100000000)
  eden space 31744K, 92% used [0x00000000e0000000,0x00000000e1c8ef48,0x00000000e1f00000)
  from space 5120K, 99% used [0x00000000e1f00000,0x00000000e23f85b8,0x00000000e2400000)
  to   space 5120K, 0% used [0x00000000e4300000,0x00000000e4300000,0x00000000e4800000)
 ParOldGen       total 84992K, used 3198K [0x00000000a0000000, 0x00000000a5300000, 0x00000000e0000000)
  object space 84992K, 3% used [0x00000000a0000000,0x00000000a031f9c8,0x00000000a5300000)
 Metaspace       used 20363K, capacity 20842K, committed 20992K, reserved 1067008K
  class space    used 2829K, capacity 3006K, committed 3072K, reserved 1048576K

Card table byte_map: [0x0000000002b20000,0x0000000002e30000] byte_map_base: 0x0000000002620000

Marking Bits: (ParMarkBitMap*) 0x00000000078a3950
 Begin Bits: [0x0000000003770000, 0x0000000004f70000)
 End Bits:   [0x0000000004f70000, 0x0000000006770000)

Polling page: 0x0000000000230000

CodeCache: size=245760Kb used=5806Kb max_used=5817Kb free=239953Kb
 bounds [0x0000000007920000, 0x0000000007ee0000, 0x0000000016920000]
 total_blobs=2056 nmethods=1668 adapters=301
 compilation: enabled

Compilation events (10 events):
Event: 13.020 Thread 0x0000000017eda800 1669       1       org.codehaus.groovy.runtime.metaclass.NewMetaMethod::getBytecodeParameterTypes (5 bytes)
Event: 13.020 Thread 0x0000000017eda800 nmethod 1669 0x0000000007ec4e10 code [0x0000000007ec4f60, 0x0000000007ec5070]
Event: 13.020 Thread 0x0000000017eda800 1670       1       org.codehaus.groovy.runtime.metaclass.NewInstanceMetaMethod::isStatic (2 bytes)
Event: 13.020 Thread 0x0000000017eda800 nmethod 1670 0x0000000007ec4b50 code [0x0000000007ec4ca0, 0x0000000007ec4db0]
Event: 13.020 Thread 0x0000000017eda800 1671       1       org.codehaus.groovy.runtime.metaclass.MetaClassRegistryImpl::access$400 (5 bytes)
Event: 13.020 Thread 0x0000000017eda800 nmethod 1671 0x0000000007ec4890 code [0x0000000007ec49e0, 0x0000000007ec4ad0]
Event: 13.020 Thread 0x0000000017eda800 1672       3       java.util.concurrent.atomic.AtomicInteger::incrementAndGet (14 bytes)
Event: 13.020 Thread 0x0000000017eda800 nmethod 1672 0x0000000007ec4590 code [0x0000000007ec46e0, 0x0000000007ec4830]
Event: 13.020 Thread 0x0000000017eda800 1673       3       java.lang.ClassLoader::getClassLoader (11 bytes)
Event: 13.021 Thread 0x0000000017eda800 nmethod 1673 0x0000000007ec4150 code [0x0000000007ec42a0, 0x0000000007ec44d0]

GC Heap History (6 events):
Event: 4.708 GC heap before
{Heap before GC invocations=1 (full 0):
 PSYoungGen      total 36864K, used 31744K [0x00000000e0000000, 0x00000000e2900000, 0x0000000100000000)
  eden space 31744K, 100% used [0x00000000e0000000,0x00000000e1f00000,0x00000000e1f00000)
  from space 5120K, 0% used [0x00000000e2400000,0x00000000e2400000,0x00000000e2900000)
  to   space 5120K, 0% used [0x00000000e1f00000,0x00000000e1f00000,0x00000000e2400000)
 ParOldGen       total 84992K, used 0K [0x00000000a0000000, 0x00000000a5300000, 0x00000000e0000000)
  object space 84992K, 0% used [0x00000000a0000000,0x00000000a0000000,0x00000000a5300000)
 Metaspace       used 6583K, capacity 6766K, committed 7040K, reserved 1056768K
  class space    used 799K, capacity 875K, committed 896K, reserved 1048576K
Event: 4.746 GC heap after
Heap after GC invocations=1 (full 0):
 PSYoungGen      total 36864K, used 3837K [0x00000000e0000000, 0x00000000e2900000, 0x0000000100000000)
  eden space 31744K, 0% used [0x00000000e0000000,0x00000000e0000000,0x00000000e1f00000)
  from space 5120K, 74% used [0x00000000e1f00000,0x00000000e22bf470,0x00000000e2400000)
  to   space 5120K, 0% used [0x00000000e2400000,0x00000000e2400000,0x00000000e2900000)
 ParOldGen       total 84992K, used 8K [0x00000000a0000000, 0x00000000a5300000, 0x00000000e0000000)
  object space 84992K, 0% used [0x00000000a0000000,0x00000000a0002000,0x00000000a5300000)
 Metaspace       used 6583K, capacity 6766K, committed 7040K, reserved 1056768K
  class space    used 799K, capacity 875K, committed 896K, reserved 1048576K
}
Event: 8.946 GC heap before
{Heap before GC invocations=2 (full 0):
 PSYoungGen      total 36864K, used 35581K [0x00000000e0000000, 0x00000000e2900000, 0x0000000100000000)
  eden space 31744K, 100% used [0x00000000e0000000,0x00000000e1f00000,0x00000000e1f00000)
  from space 5120K, 74% used [0x00000000e1f00000,0x00000000e22bf470,0x00000000e2400000)
  to   space 5120K, 0% used [0x00000000e2400000,0x00000000e2400000,0x00000000e2900000)
 ParOldGen       total 84992K, used 8K [0x00000000a0000000, 0x00000000a5300000, 0x00000000e0000000)
  object space 84992K, 0% used [0x00000000a0000000,0x00000000a0002000,0x00000000a5300000)
 Metaspace       used 12072K, capacity 12396K, committed 12544K, reserved 1060864K
  class space    used 1602K, capacity 1736K, committed 1792K, reserved 1048576K
Event: 8.961 GC heap after
Heap after GC invocations=2 (full 0):
 PSYoungGen      total 36864K, used 5093K [0x00000000e0000000, 0x00000000e2900000, 0x0000000100000000)
  eden space 31744K, 0% used [0x00000000e0000000,0x00000000e0000000,0x00000000e1f00000)
  from space 5120K, 99% used [0x00000000e2400000,0x00000000e28f9490,0x00000000e2900000)
  to   space 5120K, 0% used [0x00000000e1f00000,0x00000000e1f00000,0x00000000e2400000)
 ParOldGen       total 84992K, used 711K [0x00000000a0000000, 0x00000000a5300000, 0x00000000e0000000)
  object space 84992K, 0% used [0x00000000a0000000,0x00000000a00b1c90,0x00000000a5300000)
 Metaspace       used 12072K, capacity 12396K, committed 12544K, reserved 1060864K
  class space    used 1602K, capacity 1736K, committed 1792K, reserved 1048576K
}
Event: 10.223 GC heap before
{Heap before GC invocations=3 (full 0):
 PSYoungGen      total 36864K, used 36837K [0x00000000e0000000, 0x00000000e2900000, 0x0000000100000000)
  eden space 31744K, 100% used [0x00000000e0000000,0x00000000e1f00000,0x00000000e1f00000)
  from space 5120K, 99% used [0x00000000e2400000,0x00000000e28f9490,0x00000000e2900000)
  to   space 5120K, 0% used [0x00000000e1f00000,0x00000000e1f00000,0x00000000e2400000)
 ParOldGen       total 84992K, used 711K [0x00000000a0000000, 0x00000000a5300000, 0x00000000e0000000)
  object space 84992K, 0% used [0x00000000a0000000,0x00000000a00b1c90,0x00000000a5300000)
 Metaspace       used 15107K, capacity 15472K, committed 15616K, reserved 1062912K
  class space    used 2135K, capacity 2250K, committed 2304K, reserved 1048576K
Event: 10.306 GC heap after
Heap after GC invocations=3 (full 0):
 PSYoungGen      total 36864K, used 5089K [0x00000000e0000000, 0x00000000e4800000, 0x0000000100000000)
  eden space 31744K, 0% used [0x00000000e0000000,0x00000000e0000000,0x00000000e1f00000)
  from space 5120K, 99% used [0x00000000e1f00000,0x00000000e23f85b8,0x00000000e2400000)
  to   space 5120K, 0% used [0x00000000e4300000,0x00000000e4300000,0x00000000e4800000)
 ParOldGen       total 84992K, used 3198K [0x00000000a0000000, 0x00000000a5300000, 0x00000000e0000000)
  object space 84992K, 3% used [0x00000000a0000000,0x00000000a031f9c8,0x00000000a5300000)
 Metaspace       used 15107K, capacity 15472K, committed 15616K, reserved 1062912K
  class space    used 2135K, capacity 2250K, committed 2304K, reserved 1048576K
}

Deoptimization events (10 events):
Event: 11.036 Thread 0x0000000018f08800 Uncommon trap: reason=bimorphic action=maybe_recompile pc=0x0000000007da3598 method=java.lang.ClassLoader.loadClass(Ljava/lang/String;Z)Ljava/lang/Class; @ 38
Event: 11.182 Thread 0x0000000018f08800 Uncommon trap: reason=bimorphic action=maybe_recompile pc=0x0000000007e64b18 method=java.lang.ClassLoader.getPackage(Ljava/lang/String;)Ljava/lang/Package; @ 47
Event: 11.189 Thread 0x0000000018f08800 Uncommon trap: reason=bimorphic action=maybe_recompile pc=0x0000000007e64b18 method=java.lang.ClassLoader.getPackage(Ljava/lang/String;)Ljava/lang/Package; @ 47
Event: 11.192 Thread 0x0000000018f08800 Uncommon trap: reason=bimorphic action=maybe_recompile pc=0x0000000007e64b18 method=java.lang.ClassLoader.getPackage(Ljava/lang/String;)Ljava/lang/Package; @ 47
Event: 11.208 Thread 0x0000000018f08800 Uncommon trap: reason=bimorphic action=maybe_recompile pc=0x0000000007e64b18 method=java.lang.ClassLoader.getPackage(Ljava/lang/String;)Ljava/lang/Package; @ 47
Event: 11.369 Thread 0x0000000018f08800 Uncommon trap: reason=unstable_if action=reinterpret pc=0x0000000007c10d88 method=java.lang.AbstractStringBuilder.append(Ljava/lang/String;)Ljava/lang/AbstractStringBuilder; @ 1
Event: 11.369 Thread 0x0000000018f08800 Uncommon trap: reason=unstable_if action=reinterpret pc=0x0000000007b4d2fc method=java.lang.AbstractStringBuilder.append(Ljava/lang/String;)Ljava/lang/AbstractStringBuilder; @ 1
Event: 11.421 Thread 0x000000001a2c2000 Uncommon trap: reason=bimorphic action=maybe_recompile pc=0x0000000007e835c0 method=java.io.DataOutputStream.writeShort(I)V @ 12
Event: 11.546 Thread 0x0000000018f08800 Uncommon trap: reason=class_check action=maybe_recompile pc=0x0000000007aeccec method=sun.misc.URLClassPath.getLoader(I)Lsun/misc/URLClassPath$Loader; @ 94
Event: 11.546 Thread 0x0000000018f08800 Uncommon trap: reason=class_check action=maybe_recompile pc=0x0000000007c14160 method=sun.misc.URLClassPath.getResource(Ljava/lang/String;Z)Lsun/misc/Resource; @ 62

Classes redefined (0 events):
No events

Internal exceptions (10 events):
Event: 11.191 Thread 0x0000000018f08800 Exception <a 'java/lang/NoSuchMethodError': <clinit>> (0x00000000e0be95e0) thrown at [D:\src\AOSP-openjdk-cygwin\jdk8u\hotspot\src\share\vm\prims\jni.cpp, line 1613]
Event: 11.195 Thread 0x0000000018f08800 Exception <a 'java/lang/NoSuchMethodError': <clinit>> (0x00000000e0bffc50) thrown at [D:\src\AOSP-openjdk-cygwin\jdk8u\hotspot\src\share\vm\prims\jni.cpp, line 1613]
Event: 11.197 Thread 0x0000000018f08800 Exception <a 'java/lang/NoSuchMethodError': <clinit>> (0x00000000e0c0c3f8) thrown at [D:\src\AOSP-openjdk-cygwin\jdk8u\hotspot\src\share\vm\prims\jni.cpp, line 1613]
Event: 11.198 Thread 0x0000000018f08800 Exception <a 'java/lang/NoSuchMethodError': <clinit>> (0x00000000e0c18ff0) thrown at [D:\src\AOSP-openjdk-cygwin\jdk8u\hotspot\src\share\vm\prims\jni.cpp, line 1613]
Event: 11.199 Thread 0x0000000018f08800 Exception <a 'java/lang/NoSuchMethodError': <clinit>> (0x00000000e0c22528) thrown at [D:\src\AOSP-openjdk-cygwin\jdk8u\hotspot\src\share\vm\prims\jni.cpp, line 1613]
Event: 11.212 Thread 0x0000000018f08800 Exception <a 'java/lang/NoSuchMethodError': <clinit>> (0x00000000e0c72508) thrown at [D:\src\AOSP-openjdk-cygwin\jdk8u\hotspot\src\share\vm\prims\jni.cpp, line 1613]
Event: 11.212 Thread 0x0000000018f08800 Exception <a 'java/lang/NoSuchMethodError': <clinit>> (0x00000000e0c761c8) thrown at [D:\src\AOSP-openjdk-cygwin\jdk8u\hotspot\src\share\vm\prims\jni.cpp, line 1613]
Event: 11.212 Thread 0x0000000018f08800 Exception <a 'java/lang/NoSuchMethodError': <clinit>> (0x00000000e0c77cd0) thrown at [D:\src\AOSP-openjdk-cygwin\jdk8u\hotspot\src\share\vm\prims\jni.cpp, line 1613]
Event: 11.369 Thread 0x0000000018f08800 Implicit null exception at 0x0000000007c109d6 to 0x0000000007c10d71
Event: 11.369 Thread 0x0000000018f08800 Implicit null exception at 0x0000000007b4ced7 to 0x0000000007b4d2e5

Events (10 events):
Event: 13.012 loading class org/w3c/dom/UserDataHandler
Event: 13.012 loading class org/w3c/dom/UserDataHandler done
Event: 13.012 loading class org/w3c/dom/Document
Event: 13.012 loading class org/w3c/dom/Document done
Event: 13.013 loading class javax/script/ScriptEngineManager
Event: 13.019 loading class javax/script/ScriptEngineManager done
Event: 13.020 loading class groovy/runtime/metaclass/CustomMetaClassCreationHandle
Event: 13.020 loading class groovy/runtime/metaclass/CustomMetaClassCreationHandle done
Event: 13.021 loading class groovy/lang/ExpandoMetaClass
Event: 13.021 loading class groovy/lang/ExpandoMetaClass done


Dynamic libraries:
0x000000013fe10000 - 0x000000013fe41000 	C:\Program Files\Android\Android Studio1\jre\bin\java.exe
0x0000000077aa0000 - 0x0000000077c3f000 	C:\Windows\SYSTEM32\ntdll.dll
0x0000000077980000 - 0x0000000077a9f000 	C:\Windows\system32\kernel32.dll
0x000007fefd990000 - 0x000007fefd9fa000 	C:\Windows\system32\KERNELBASE.dll
0x000007feff040000 - 0x000007feff11b000 	C:\Windows\system32\ADVAPI32.dll
0x000007feff950000 - 0x000007feff9ef000 	C:\Windows\system32\msvcrt.dll
0x000007feffd70000 - 0x000007feffd8f000 	C:\Windows\SYSTEM32\sechost.dll
0x000007feff120000 - 0x000007feff24d000 	C:\Windows\system32\RPCRT4.dll
0x0000000077880000 - 0x000000007797a000 	C:\Windows\system32\USER32.dll
0x000007feffd00000 - 0x000007feffd67000 	C:\Windows\system32\GDI32.dll
0x000007feff800000 - 0x000007feff80e000 	C:\Windows\system32\LPK.dll
0x000007fefdd90000 - 0x000007fefde5b000 	C:\Windows\system32\USP10.dll
0x000007fef91d0000 - 0x000007fef93c4000 	C:\Windows\WinSxS\amd64_microsoft.windows.common-controls_6595b64144ccf1df_6.0.7601.18837_none_fa3b1e3d17594757\COMCTL32.dll
0x000007fefdd10000 - 0x000007fefdd81000 	C:\Windows\system32\SHLWAPI.dll
0x000007fefefa0000 - 0x000007fefefce000 	C:\Windows\system32\IMM32.DLL
0x000007feff9f0000 - 0x000007feffaf9000 	C:\Windows\system32\MSCTF.dll
0x0000000055a20000 - 0x0000000055af2000 	C:\Program Files\Android\Android Studio1\jre\jre\bin\msvcr100.dll
0x00000000070e0000 - 0x000000000791e000 	C:\Program Files\Android\Android Studio1\jre\jre\bin\server\jvm.dll
0x000007fef01a0000 - 0x000007fef01a9000 	C:\Windows\system32\WSOCK32.dll
0x000007fefefd0000 - 0x000007feff01d000 	C:\Windows\system32\WS2_32.dll
0x000007feff7f0000 - 0x000007feff7f8000 	C:\Windows\system32\NSI.dll
0x000007fef0790000 - 0x000007fef07cb000 	C:\Windows\system32\WINMM.dll
0x000007fefc360000 - 0x000007fefc36c000 	C:\Windows\system32\VERSION.dll
0x0000000077c40000 - 0x0000000077c47000 	C:\Windows\system32\PSAPI.DLL
0x000007fef72a0000 - 0x000007fef72af000 	C:\Program Files\Android\Android Studio1\jre\jre\bin\verify.dll
0x000007fef7270000 - 0x000007fef7299000 	C:\Program Files\Android\Android Studio1\jre\jre\bin\java.dll
0x000007fef7170000 - 0x000007fef7186000 	C:\Program Files\Android\Android Studio1\jre\jre\bin\zip.dll
0x000007fefe210000 - 0x000007fefef9b000 	C:\Windows\system32\SHELL32.dll
0x000007feffb00000 - 0x000007feffcfd000 	C:\Windows\system32\ole32.dll
0x000007fefd770000 - 0x000007fefd77f000 	C:\Windows\system32\profapi.dll
0x000007fef6f60000 - 0x000007fef6f7a000 	C:\Program Files\Android\Android Studio1\jre\jre\bin\net.dll
0x000007fefcf00000 - 0x000007fefcf55000 	C:\Windows\system32\mswsock.dll
0x000007fefd0e0000 - 0x000007fefd0e7000 	C:\Windows\System32\wship6.dll
0x000007fef6f20000 - 0x000007fef6f31000 	C:\Program Files\Android\Android Studio1\jre\jre\bin\nio.dll
0x000007fef6a30000 - 0x000007fef6a4e000 	C:\Users\AmirG\.gradle\native\25\windows-amd64\native-platform.dll
0x000007fef6f50000 - 0x000007fef6f5d000 	C:\Program Files\Android\Android Studio1\jre\jre\bin\management.dll
0x000007fefd070000 - 0x000007fefd088000 	C:\Windows\system32\CRYPTSP.dll
0x000007fefcc70000 - 0x000007fefccb7000 	C:\Windows\system32\rsaenh.dll
0x000007fefd7a0000 - 0x000007fefd7be000 	C:\Windows\system32\USERENV.dll
0x000007fefd610000 - 0x000007fefd61f000 	C:\Windows\system32\CRYPTBASE.dll
0x000007fefbda0000 - 0x000007fefbdc7000 	C:\Windows\system32\IPHLPAPI.DLL
0x000007fefbd90000 - 0x000007fefbd9b000 	C:\Windows\system32\WINNSI.DLL
0x000007fef0060000 - 0x000007fef0071000 	C:\Windows\system32\dhcpcsvc6.DLL
0x000007fef0040000 - 0x000007fef0058000 	C:\Windows\system32\dhcpcsvc.DLL

VM Arguments:
jvm_args: -Xmx1536m -Dfile.encoding=windows-1252 -Duser.country=US -Duser.language=en -Duser.variant 
java_command: org.gradle.launcher.daemon.bootstrap.GradleDaemon 4.1
java_class_path (initial): C:\Users\AmirG\.gradle\wrapper\dists\gradle-4.1-all\bzyivzo6n839fup2jbap0tjew\gradle-4.1\lib\gradle-launcher-4.1.jar
Launcher Type: SUN_STANDARD

Environment Variables:
PATH=C:\Program Files (x86)\Common Files\Oracle\Java\javapath;C:\ProgramData\Oracle\Java\javapath;C:\Program Files (x86)\Intel\iCLS Client\;C:\Program Files\Intel\iCLS Client\;C:\Windows\system32;C:\Windows;C:\Windows\System32\Wbem;C:\Windows\System32\WindowsPowerShell\v1.0\;C:\Program Files\Intel\Intel(R) Management Engine Components\DAL;C:\Program Files (x86)\Intel\Intel(R) Management Engine Components\DAL;C:\Program Files\Intel\Intel(R) Management Engine Components\IPT;C:\Program Files (x86)\Intel\Intel(R) Management Engine Components\IPT;C:\Program Files\Lenovo\Fingerprint Manager Pro\;C:\Program Files (x86)\Common Files\Lenovo;C:\SWTOOLS\ReadyApps;C:\Program Files (x86)\Lenovo\Access Connections\;C:\Program Files\Microsoft\Web Platform Installer\;C:\Program Files (x86)\Microsoft ASP.NET\ASP.NET Web Pages\v1.0\;C:\Program Files\Microsoft SQL Server\110\Tools\Binn\;C:\Program Files (x86)\Microsoft SQL Server\Client SDK\ODBC\130\Tools\Binn\;C:\Program Files (x86)\Microsoft SQL Server\130\Tools\Binn\;C:\Program Files (x86)\Microsoft SQL Server\130\DTS\Binn\;C:\Program Files (x86)\Microsoft SQL Server\130\Tools\Binn\ManagementStudio\;C:\Program Files (x86)\Skype\Phone\;C:\Program Files\nodejs\;C:\Program Files\Microsoft SQL Server\130\Tools\Binn\;C:\Program Files\dotnet\;C:\Program Files\Git\cmd;C:\Program Files\Microsoft VS Code\bin;C:\Users\AmirG\AppData\Roaming\npm
USERNAME=AmirG
OS=Windows_NT
PROCESSOR_IDENTIFIER=Intel64 Family 6 Model 61 Stepping 4, GenuineIntel



---------------  S Y S T E M  ---------------

OS: Windows 7 , 64 bit Build 7601 (6.1.7601.24024)

CPU:total 4 (initial active 4) (2 cores per cpu, 2 threads per core) family 6 model 61 stepping 4, cmov, cx8, fxsr, mmx, sse, sse2, sse3, ssse3, sse4.1, sse4.2, popcnt, avx, avx2, aes, clmul, erms, 3dnowpref, lzcnt, ht, tsc, tscinvbit, bmi1, bmi2, adx

Memory: 4k page, physical 8077552k(156988k free), swap 32308332k(6012k free)

vm_info: OpenJDK 64-Bit Server VM (25.152-b01) for windows-amd64 JRE (1.8.0_152-release-915-b01), built by "builder" with MS VC++ 10.0 (VS2010)

time: Mon May 28 20:27:15 2018
elapsed time: 13 seconds (0d 0h 0m 13s)

